<?xml version="1.0" encoding="UTF-8"?>
<!-- Generated by org.testng.reporters.JUnitReportReporter -->
<testsuite hostname="Shrinath-Dell" failures="0" tests="1" name="Parameterization.WithParameterization" time="8.819" errors="0" timestamp="2023-03-30T08:27:07 IST" skipped="0">
  <testcase classname="Parameterization.WithParameterization" name="withparameterization" time="8.819"/>
  <system-out/>
</testsuite> <!-- Parameterization.WithParameterization -->
